<?xml version="1.0" encoding="UTF-8"?>
<testsuite name="com.example.management.infrastructure.adapters.in.web.OrderControllerTest" tests="5" skipped="0" failures="0" errors="0" timestamp="2026-02-09T14:40:18.267Z" hostname="RubenS" time="1.579">
  <properties/>
  <testcase name="agregarLineaDebeRetornarNotImplemented()" classname="com.example.management.infrastructure.adapters.in.web.OrderControllerTest" time="1.505"/>
  <testcase name="confirmarPedidoDebeRetornarNotImplemented()" classname="com.example.management.infrastructure.adapters.in.web.OrderControllerTest" time="0.01"/>
  <testcase name="crearPedidoDebeRetornarNotImplemented()" classname="com.example.management.infrastructure.adapters.in.web.OrderControllerTest" time="0.036"/>
  <testcase name="obtenerPedidoDebeRetornarNotImplemented()" classname="com.example.management.infrastructure.adapters.in.web.OrderControllerTest" time="0.009"/>
  <testcase name="cancelarPedidoDebeRetornarNotImplemented()" classname="com.example.management.infrastructure.adapters.in.web.OrderControllerTest" time="0.009"/>
  <system-out><![CDATA[09:40:14.729 [Test worker] INFO org.springframework.test.context.support.AnnotationConfigContextLoaderUtils -- Could not detect default configuration classes for test class [com.example.management.infrastructure.adapters.in.web.OrderControllerTest]: OrderControllerTest does not declare any static, non-private, non-final, nested classes annotated with @Configuration.
09:40:15.100 [Test worker] INFO org.springframework.boot.test.context.SpringBootTestContextBootstrapper -- Found @SpringBootConfiguration com.example.management.ManagementApplication for test class com.example.management.infrastructure.adapters.in.web.OrderControllerTest

  .   ____          _            __ _ _
 /\\ / ___'_ __ _ _(_)_ __  __ _ \ \ \ \
( ( )\___ | '_ | '_| | '_ \/ _` | \ \ \ \
 \\/  ___)| |_)| | | | | || (_| |  ) ) ) )
  '  |____| .__|_| |_|_| |_\__, | / / / /
 =========|_|==============|___/=/_/_/_/
 :: Spring Boot ::                (v3.2.5)

2026-02-09T09:40:15.899-05:00  INFO 138328 --- [management] [    Test worker] c.e.m.i.a.in.web.OrderControllerTest     : Starting OrderControllerTest using Java 17.0.18 with PID 138328 (started by root in /root/agent_code_generator/workspaces/order_management_workspace/order-management_v14)
2026-02-09T09:40:15.902-05:00  INFO 138328 --- [management] [    Test worker] c.e.m.i.a.in.web.OrderControllerTest     : No active profile set, falling back to 1 default profile: "default"
2026-02-09T09:40:18.186-05:00  INFO 138328 --- [management] [    Test worker] o.s.b.t.m.w.SpringBootMockServletContext : Initializing Spring TestDispatcherServlet ''
2026-02-09T09:40:18.187-05:00  INFO 138328 --- [management] [    Test worker] o.s.t.web.servlet.TestDispatcherServlet  : Initializing Servlet ''
2026-02-09T09:40:18.192-05:00  INFO 138328 --- [management] [    Test worker] o.s.t.web.servlet.TestDispatcherServlet  : Completed initialization in 3 ms
2026-02-09T09:40:18.247-05:00  INFO 138328 --- [management] [    Test worker] c.e.m.i.a.in.web.OrderControllerTest     : Started OrderControllerTest in 2.964 seconds (process running for 5.697)
]]></system-out>
  <system-err><![CDATA[]]></system-err>
</testsuite>
